2019-10-17 16:13:30,512 INFO 4258 [egg-schedule]: register schedule /Users/gq/Desktop/未命名文件夹/ConsumStageWeb/node_modules/_egg-multipart@2.9.0@egg-multipart/app/schedule/clean_tmpdir.js
2019-10-17 16:13:30,512 INFO 4258 [egg-schedule]: register schedule /Users/gq/Desktop/未命名文件夹/ConsumStageWeb/node_modules/_egg-logrotator@3.1.0@egg-logrotator/app/schedule/clean_log.js
2019-10-17 16:13:30,512 INFO 4258 [egg-schedule]: register schedule /Users/gq/Desktop/未命名文件夹/ConsumStageWeb/node_modules/_egg-logrotator@3.1.0@egg-logrotator/app/schedule/rotate_by_file.js
2019-10-17 16:13:30,512 INFO 4258 [egg-schedule]: register schedule /Users/gq/Desktop/未命名文件夹/ConsumStageWeb/node_modules/_egg-logrotator@3.1.0@egg-logrotator/app/schedule/rotate_by_hour.js
2019-10-17 16:13:50,923 INFO 4292 [egg-schedule]: register schedule /Users/gq/Desktop/未命名文件夹/ConsumStageWeb/node_modules/_egg-multipart@2.9.0@egg-multipart/app/schedule/clean_tmpdir.js
2019-10-17 16:13:50,924 INFO 4292 [egg-schedule]: register schedule /Users/gq/Desktop/未命名文件夹/ConsumStageWeb/node_modules/_egg-logrotator@3.1.0@egg-logrotator/app/schedule/clean_log.js
2019-10-17 16:13:50,924 INFO 4292 [egg-schedule]: register schedule /Users/gq/Desktop/未命名文件夹/ConsumStageWeb/node_modules/_egg-logrotator@3.1.0@egg-logrotator/app/schedule/rotate_by_file.js
2019-10-17 16:13:50,924 INFO 4292 [egg-schedule]: register schedule /Users/gq/Desktop/未命名文件夹/ConsumStageWeb/node_modules/_egg-logrotator@3.1.0@egg-logrotator/app/schedule/rotate_by_hour.js
2019-10-17 16:19:45,443 INFO 4551 [Timer] /Users/gq/Desktop/未命名文件夹/ConsumStageWeb/node_modules/_egg-multipart@2.9.0@egg-multipart/app/schedule/clean_tmpdir.js next time will execute after 43814564ms at 2019-10-18 04:30:00.007
2019-10-17 16:19:45,444 INFO 4551 [Timer] /Users/gq/Desktop/未命名文件夹/ConsumStageWeb/node_modules/_egg-logrotator@3.1.0@egg-logrotator/app/schedule/clean_log.js next time will execute after 27614556ms at 2019-10-18 00:00:00.000
2019-10-17 16:19:45,445 INFO 4551 [Timer] /Users/gq/Desktop/未命名文件夹/ConsumStageWeb/node_modules/_egg-logrotator@3.1.0@egg-logrotator/app/schedule/rotate_by_file.js next time will execute after 27615556ms at 2019-10-18 00:00:01.001
2019-10-17 16:19:45,102 INFO 4556 [egg-schedule]: register schedule /Users/gq/Desktop/未命名文件夹/ConsumStageWeb/node_modules/_egg-multipart@2.9.0@egg-multipart/app/schedule/clean_tmpdir.js
2019-10-17 16:19:45,102 INFO 4556 [egg-schedule]: register schedule /Users/gq/Desktop/未命名文件夹/ConsumStageWeb/node_modules/_egg-logrotator@3.1.0@egg-logrotator/app/schedule/clean_log.js
2019-10-17 16:19:45,102 INFO 4556 [egg-schedule]: register schedule /Users/gq/Desktop/未命名文件夹/ConsumStageWeb/node_modules/_egg-logrotator@3.1.0@egg-logrotator/app/schedule/rotate_by_file.js
2019-10-17 16:43:18,018 INFO 4916 [egg-schedule]: register schedule /Users/gq/Desktop/未命名文件夹/ConsumStageWeb/node_modules/_egg-multipart@2.9.0@egg-multipart/app/schedule/clean_tmpdir.js
2019-10-17 16:43:18,018 INFO 4916 [egg-schedule]: register schedule /Users/gq/Desktop/未命名文件夹/ConsumStageWeb/node_modules/_egg-logrotator@3.1.0@egg-logrotator/app/schedule/clean_log.js
2019-10-17 16:43:18,018 INFO 4916 [egg-schedule]: register schedule /Users/gq/Desktop/未命名文件夹/ConsumStageWeb/node_modules/_egg-logrotator@3.1.0@egg-logrotator/app/schedule/rotate_by_file.js
2019-10-17 16:43:18,018 INFO 4916 [egg-schedule]: register schedule /Users/gq/Desktop/未命名文件夹/ConsumStageWeb/node_modules/_egg-logrotator@3.1.0@egg-logrotator/app/schedule/rotate_by_hour.js
2019-10-18 08:36:15,185 INFO 775 [egg-schedule]: register schedule /Users/gq/Desktop/未命名文件夹/ConsumStageWeb/node_modules/_egg-multipart@2.9.0@egg-multipart/app/schedule/clean_tmpdir.js
2019-10-18 08:36:15,185 INFO 775 [egg-schedule]: register schedule /Users/gq/Desktop/未命名文件夹/ConsumStageWeb/node_modules/_egg-logrotator@3.1.0@egg-logrotator/app/schedule/clean_log.js
2019-10-18 08:36:15,185 INFO 775 [egg-schedule]: register schedule /Users/gq/Desktop/未命名文件夹/ConsumStageWeb/node_modules/_egg-logrotator@3.1.0@egg-logrotator/app/schedule/rotate_by_file.js
2019-10-18 08:36:15,185 INFO 775 [egg-schedule]: register schedule /Users/gq/Desktop/未命名文件夹/ConsumStageWeb/node_modules/_egg-logrotator@3.1.0@egg-logrotator/app/schedule/rotate_by_hour.js
2019-10-18 08:36:16,581 INFO 773 [Timer] /Users/gq/Desktop/未命名文件夹/ConsumStageWeb/node_modules/_egg-multipart@2.9.0@egg-multipart/app/schedule/clean_tmpdir.js next time will execute after 71623425ms at 2019-10-19 04:30:00.006
2019-10-18 08:36:16,582 INFO 773 [Timer] /Users/gq/Desktop/未命名文件夹/ConsumStageWeb/node_modules/_egg-logrotator@3.1.0@egg-logrotator/app/schedule/clean_log.js next time will execute after 55423418ms at 2019-10-19 00:00:00.000
2019-10-18 08:36:16,583 INFO 773 [Timer] /Users/gq/Desktop/未命名文件夹/ConsumStageWeb/node_modules/_egg-logrotator@3.1.0@egg-logrotator/app/schedule/rotate_by_file.js next time will execute after 55424418ms at 2019-10-19 00:00:01.001
2019-10-18 08:36:16,584 INFO 773 [Timer] /Users/gq/Desktop/未命名文件夹/ConsumStageWeb/node_modules/_egg-logrotator@3.1.0@egg-logrotator/app/schedule/rotate_by_hour.js next time will execute after 1423417ms at 2019-10-18 09:00:00.001
2019-10-18 09:00:00,035 INFO 773 [Timer] /Users/gq/Desktop/未命名文件夹/ConsumStageWeb/node_modules/_egg-logrotator@3.1.0@egg-logrotator/app/schedule/rotate_by_hour.js next time will execute after 3599967ms at 2019-10-18 10:00:00.002
2019-10-18 09:00:00,033 INFO 775 [Job#15713604000321919404780141] /Users/gq/Desktop/未命名文件夹/ConsumStageWeb/node_modules/_egg-logrotator@3.1.0@egg-logrotator/app/schedule/rotate_by_hour.js executing by app
2019-10-18 09:00:00,088 INFO 775 [Job#15713604000321919404780141] /Users/gq/Desktop/未命名文件夹/ConsumStageWeb/node_modules/_egg-logrotator@3.1.0@egg-logrotator/app/schedule/rotate_by_hour.js execute succeed, used 54ms
2019-10-18 10:00:00,082 INFO 773 [Timer] /Users/gq/Desktop/未命名文件夹/ConsumStageWeb/node_modules/_egg-logrotator@3.1.0@egg-logrotator/app/schedule/rotate_by_hour.js next time will execute after 3599921ms at 2019-10-18 11:00:00.003
2019-10-18 10:00:00,079 INFO 775 [Job#15713640000795519122267332] /Users/gq/Desktop/未命名文件夹/ConsumStageWeb/node_modules/_egg-logrotator@3.1.0@egg-logrotator/app/schedule/rotate_by_hour.js executing by app
2019-10-18 10:00:00,080 INFO 775 [Job#15713640000795519122267332] /Users/gq/Desktop/未命名文件夹/ConsumStageWeb/node_modules/_egg-logrotator@3.1.0@egg-logrotator/app/schedule/rotate_by_hour.js execute succeed, used 1ms
2019-10-18 11:00:00,084 INFO 773 [Timer] /Users/gq/Desktop/未命名文件夹/ConsumStageWeb/node_modules/_egg-logrotator@3.1.0@egg-logrotator/app/schedule/rotate_by_hour.js next time will execute after 3599918ms at 2019-10-18 12:00:00.002
2019-10-18 11:00:00,083 INFO 775 [Job#157136760008291189415531343] /Users/gq/Desktop/未命名文件夹/ConsumStageWeb/node_modules/_egg-logrotator@3.1.0@egg-logrotator/app/schedule/rotate_by_hour.js executing by app
2019-10-18 11:00:00,083 INFO 775 [Job#157136760008291189415531343] /Users/gq/Desktop/未命名文件夹/ConsumStageWeb/node_modules/_egg-logrotator@3.1.0@egg-logrotator/app/schedule/rotate_by_hour.js execute succeed, used 0ms
2019-10-18 12:00:00,080 INFO 775 [Job#1571371200079127188670617084] /Users/gq/Desktop/未命名文件夹/ConsumStageWeb/node_modules/_egg-logrotator@3.1.0@egg-logrotator/app/schedule/rotate_by_hour.js executing by app
2019-10-18 12:00:00,081 INFO 775 [Job#1571371200079127188670617084] /Users/gq/Desktop/未命名文件夹/ConsumStageWeb/node_modules/_egg-logrotator@3.1.0@egg-logrotator/app/schedule/rotate_by_hour.js execute succeed, used 1ms
2019-10-18 12:00:00,082 INFO 773 [Timer] /Users/gq/Desktop/未命名文件夹/ConsumStageWeb/node_modules/_egg-logrotator@3.1.0@egg-logrotator/app/schedule/rotate_by_hour.js next time will execute after 3599921ms at 2019-10-18 13:00:00.003
2019-10-18 13:00:00,078 INFO 773 [Timer] /Users/gq/Desktop/未命名文件夹/ConsumStageWeb/node_modules/_egg-logrotator@3.1.0@egg-logrotator/app/schedule/rotate_by_hour.js next time will execute after 3599924ms at 2019-10-18 14:00:00.002
2019-10-18 13:00:00,077 INFO 775 [Job#1571374800076163187919234445] /Users/gq/Desktop/未命名文件夹/ConsumStageWeb/node_modules/_egg-logrotator@3.1.0@egg-logrotator/app/schedule/rotate_by_hour.js executing by app
2019-10-18 13:00:00,077 INFO 775 [Job#1571374800076163187919234445] /Users/gq/Desktop/未命名文件夹/ConsumStageWeb/node_modules/_egg-logrotator@3.1.0@egg-logrotator/app/schedule/rotate_by_hour.js execute succeed, used 0ms
2019-10-18 14:00:00,086 INFO 775 [Job#1571378400085199187239763196] /Users/gq/Desktop/未命名文件夹/ConsumStageWeb/node_modules/_egg-logrotator@3.1.0@egg-logrotator/app/schedule/rotate_by_hour.js executing by app
2019-10-18 14:00:00,087 INFO 775 [Job#1571378400085199187239763196] /Users/gq/Desktop/未命名文件夹/ConsumStageWeb/node_modules/_egg-logrotator@3.1.0@egg-logrotator/app/schedule/rotate_by_hour.js execute succeed, used 1ms
2019-10-18 14:00:00,088 INFO 773 [Timer] /Users/gq/Desktop/未命名文件夹/ConsumStageWeb/node_modules/_egg-logrotator@3.1.0@egg-logrotator/app/schedule/rotate_by_hour.js next time will execute after 3599915ms at 2019-10-18 15:00:00.003
